{"uid":"925a8c3500b6cc66","name":"Fail This Test For Report -- @1.1 ","fullName":"User Login to katalon-demo-cura application: Fail This Test For Report","historyId":"7d2e96ee84eb5b3762ae71ee50e89fb0","time":{"start":1729693569742,"stop":1729693581328,"duration":11586},"status":"failed","statusMessage":"AssertionError: Cannot bee able to set spesified username : John Doe\n","statusTrace":"  File \"/opt/hostedtoolcache/Python/3.9.20/x64/lib/python3.9/site-packages/behave/model.py\", line 1329, in run\n    match.run(runner.context)\n  File \"/opt/hostedtoolcache/Python/3.9.20/x64/lib/python3.9/site-packages/behave/matchers.py\", line 98, in run\n    self.func(context, *args, **kwargs)\n  File \"/opt/hostedtoolcache/Python/3.9.20/x64/lib/python3.9/site-packages/allure_commons/_allure.py\", line 192, in impl\n    return func(*a, **kw)\n  File \"features/steps/login_steps.py\", line 21, in step_when_enter_credentials\n    assert context.login_page.enter_username(username),f\"Cannot bee able to set spesified username : {username}\"\n","flaky":true,"newFailed":false,"newBroken":false,"newPassed":false,"retriesCount":0,"retriesStatusChange":false,"beforeStages":[],"testStage":{"status":"failed","statusMessage":"AssertionError: Cannot bee able to set spesified username : John Doe\n","statusTrace":"  File \"/opt/hostedtoolcache/Python/3.9.20/x64/lib/python3.9/site-packages/behave/model.py\", line 1329, in run\n    match.run(runner.context)\n  File \"/opt/hostedtoolcache/Python/3.9.20/x64/lib/python3.9/site-packages/behave/matchers.py\", line 98, in run\n    self.func(context, *args, **kwargs)\n  File \"/opt/hostedtoolcache/Python/3.9.20/x64/lib/python3.9/site-packages/allure_commons/_allure.py\", line 192, in impl\n    return func(*a, **kw)\n  File \"features/steps/login_steps.py\", line 21, in step_when_enter_credentials\n    assert context.login_page.enter_username(username),f\"Cannot bee able to set spesified username : {username}\"\n","steps":[{"name":"Given I am on the login page \"https://katalon-demo-cura.herokuapp.com/\"","time":{"start":1729693570157,"stop":1729693570664,"duration":507},"status":"passed","steps":[{"name":"User navigates to login page 'https://katalon-demo-cura.herokuapp.com/'","time":{"start":1729693570157,"stop":1729693570344,"duration":187},"status":"passed","steps":[],"attachments":[],"parameters":[{"name":"context","value":"<behave.runner.Context object at 0x7f77ef09e2e0>"},{"name":"url","value":"'https://katalon-demo-cura.herokuapp.com/'"}],"stepsCount":0,"attachmentsCount":0,"shouldDisplayMessage":false,"hasContent":true}],"attachments":[{"uid":"123317ce4c7327cd","name":"I am on the login page _https___katalon-demo-cura.herokuapp.com___passed.png","source":"123317ce4c7327cd.png","type":"image/png","size":1229705}],"parameters":[],"stepsCount":1,"attachmentsCount":1,"shouldDisplayMessage":false,"hasContent":true},{"name":"When I enter a valid username \"John Doe\" and password \"WrongPassword\"","time":{"start":1729693570665,"stop":1729693581246,"duration":10581},"status":"failed","statusMessage":"AssertionError: Cannot bee able to set spesified username : John Doe\n","statusTrace":"  File \"/opt/hostedtoolcache/Python/3.9.20/x64/lib/python3.9/site-packages/behave/model.py\", line 1329, in run\n    match.run(runner.context)\n  File \"/opt/hostedtoolcache/Python/3.9.20/x64/lib/python3.9/site-packages/behave/matchers.py\", line 98, in run\n    self.func(context, *args, **kwargs)\n  File \"/opt/hostedtoolcache/Python/3.9.20/x64/lib/python3.9/site-packages/allure_commons/_allure.py\", line 192, in impl\n    return func(*a, **kw)\n  File \"features/steps/login_steps.py\", line 21, in step_when_enter_credentials\n    assert context.login_page.enter_username(username),f\"Cannot bee able to set spesified username : {username}\"\n","steps":[{"name":"User can enter username - \"'John Doe'\" and password - \"'WrongPassword'\"","time":{"start":1729693570665,"stop":1729693580937,"duration":10272},"status":"failed","statusMessage":"AssertionError: Cannot bee able to set spesified username : John Doe\n","statusTrace":"  File \"/opt/hostedtoolcache/Python/3.9.20/x64/lib/python3.9/site-packages/allure_commons/_allure.py\", line 192, in impl\n    return func(*a, **kw)\n  File \"features/steps/login_steps.py\", line 21, in step_when_enter_credentials\n    assert context.login_page.enter_username(username),f\"Cannot bee able to set spesified username : {username}\"\n","steps":[],"attachments":[],"parameters":[{"name":"context","value":"<behave.runner.Context object at 0x7f77ef09e2e0>"},{"name":"username","value":"'John Doe'"},{"name":"password","value":"'WrongPassword'"}],"stepsCount":0,"attachmentsCount":0,"shouldDisplayMessage":true,"hasContent":true}],"attachments":[{"uid":"aecb1ac607393a68","name":"I enter a valid username _John Doe_ and password _WrongPassword__failed.png","source":"aecb1ac607393a68.png","type":"image/png","size":1229705}],"parameters":[],"stepsCount":1,"attachmentsCount":1,"shouldDisplayMessage":false,"hasContent":true},{"name":"And I click the login button","time":{"start":1729693581328,"stop":1729693581328,"duration":0},"status":"skipped","steps":[],"attachments":[],"parameters":[],"stepsCount":0,"attachmentsCount":0,"shouldDisplayMessage":false,"hasContent":false},{"name":"Then I should be redirected to the dashboard page","time":{"start":1729693581328,"stop":1729693581328,"duration":0},"status":"skipped","steps":[],"attachments":[],"parameters":[],"stepsCount":0,"attachmentsCount":0,"shouldDisplayMessage":false,"hasContent":false}],"attachments":[],"parameters":[],"stepsCount":6,"attachmentsCount":2,"shouldDisplayMessage":false,"hasContent":true},"afterStages":[],"labels":[{"name":"severity","value":"normal"},{"name":"tag","value":"positive"},{"name":"tag","value":"severity.minor"},{"name":"tag","value":"ui"},{"name":"feature","value":"User Login to katalon-demo-cura application"},{"name":"framework","value":"behave"},{"name":"language","value":"cpython3"},{"name":"resultFormat","value":"allure2"}],"parameters":[{"name":"password","value":"WrongPassword"},{"name":"username","value":"John Doe"}],"links":[],"hidden":false,"retry":false,"extra":{"severity":"normal","retries":[],"categories":[{"name":"Product defects","matchedStatuses":[],"flaky":false}],"history":{"statistic":{"failed":3,"broken":0,"skipped":0,"passed":1,"unknown":0,"total":4},"items":[{"uid":"3887afb16ff99767","status":"failed","statusDetails":"AssertionError: Cannot bee able to set spesified username : John Doe\n","time":{"start":1729686670312,"stop":1729686702465,"duration":32153}},{"uid":"f6fbafa516ce6a95","status":"passed","time":{"start":1729686026808,"stop":1729686081212,"duration":54404}},{"uid":"77c9801d389e52c6","status":"failed","statusDetails":"AssertionError: Cannot bee able to set spesified username : John Doe\n","time":{"start":1729685874287,"stop":1729685905986,"duration":31699}}]},"tags":["severity.minor","ui","positive"]},"source":"925a8c3500b6cc66.json","parameterValues":["WrongPassword","John Doe"]}